TN:
SF:src\plugin.ts
FN:20,(anonymous_0)
FN:26,(anonymous_1)
FN:33,(anonymous_2)
FNF:3
FNH:0
FNDA:0,(anonymous_0)
FNDA:0,(anonymous_1)
FNDA:0,(anonymous_2)
DA:9,0
DA:10,0
DA:13,0
DA:14,0
DA:17,0
DA:20,0
DA:21,0
DA:22,0
DA:23,0
DA:26,0
DA:27,0
DA:28,0
DA:29,0
DA:33,0
DA:34,0
DA:35,0
DA:36,0
LF:17
LH:0
BRDA:9,0,0,0
BRDA:9,0,1,0
BRF:2
BRH:0
end_of_record
TN:
SF:src\python-bg-service.ts
FN:7,(anonymous_1)
FN:28,(anonymous_2)
FN:30,(anonymous_3)
FN:48,(anonymous_4)
FN:49,(anonymous_5)
FN:63,(anonymous_6)
FN:65,(anonymous_7)
FN:75,(anonymous_8)
FN:77,(anonymous_9)
FN:88,(anonymous_10)
FN:92,(anonymous_11)
FN:108,(anonymous_12)
FN:123,(anonymous_13)
FN:135,(anonymous_14)
FN:142,(anonymous_15)
FN:145,(anonymous_16)
FN:151,(anonymous_17)
FNF:17
FNH:1
FNDA:1,(anonymous_1)
FNDA:0,(anonymous_2)
FNDA:0,(anonymous_3)
FNDA:0,(anonymous_4)
FNDA:0,(anonymous_5)
FNDA:0,(anonymous_6)
FNDA:0,(anonymous_7)
FNDA:0,(anonymous_8)
FNDA:0,(anonymous_9)
FNDA:0,(anonymous_10)
FNDA:0,(anonymous_11)
FNDA:0,(anonymous_12)
FNDA:0,(anonymous_13)
FNDA:0,(anonymous_14)
FNDA:0,(anonymous_15)
FNDA:0,(anonymous_16)
FNDA:0,(anonymous_17)
DA:1,1
DA:4,1
DA:5,1
DA:7,1
DA:8,1
DA:9,1
DA:25,1
DA:26,1
DA:29,0
DA:30,0
DA:31,0
DA:32,0
DA:33,0
DA:34,0
DA:36,0
DA:37,0
DA:38,0
DA:40,0
DA:41,0
DA:42,0
DA:45,0
DA:49,0
DA:50,0
DA:51,0
DA:52,0
DA:53,0
DA:54,0
DA:59,0
DA:64,0
DA:65,0
DA:66,0
DA:67,0
DA:69,0
DA:71,0
DA:72,0
DA:76,0
DA:77,0
DA:78,0
DA:79,0
DA:80,0
DA:83,0
DA:84,0
DA:85,0
DA:88,1
DA:89,0
DA:93,0
DA:94,0
DA:96,0
DA:97,0
DA:98,0
DA:101,0
DA:102,0
DA:103,0
DA:106,0
DA:107,0
DA:108,0
DA:109,0
DA:110,0
DA:111,0
DA:112,0
DA:114,0
DA:115,0
DA:116,0
DA:117,0
DA:119,0
DA:123,0
DA:124,0
DA:125,0
DA:126,0
DA:127,0
DA:128,0
DA:129,0
DA:131,0
DA:132,0
DA:135,0
DA:136,0
DA:143,0
DA:144,0
DA:145,0
DA:146,0
DA:147,0
DA:152,0
DA:153,0
DA:154,0
DA:163,1
LF:85
LH:10
BRDA:7,0,0,1
BRDA:7,0,1,1
BRDA:31,1,0,0
BRDA:31,1,1,0
BRDA:33,2,0,0
BRDA:33,2,1,0
BRDA:37,3,0,0
BRDA:37,3,1,0
BRDA:50,4,0,0
BRDA:50,4,1,0
BRDA:52,5,0,0
BRDA:52,5,1,0
BRDA:66,6,0,0
BRDA:66,6,1,0
BRDA:78,7,0,0
BRDA:78,7,1,0
BRDA:96,8,0,0
BRDA:96,8,1,0
BRDA:101,9,0,0
BRDA:101,9,1,0
BRDA:106,10,0,0
BRDA:106,10,1,0
BRDA:106,11,0,0
BRDA:106,11,1,0
BRDA:111,12,0,0
BRDA:111,12,1,0
BRDA:114,13,0,0
BRDA:114,13,1,0
BRDA:114,14,0,0
BRDA:114,14,1,0
BRDA:114,15,0,0
BRDA:114,15,1,0
BRDA:116,16,0,0
BRDA:116,16,1,0
BRDA:116,17,0,0
BRDA:116,17,1,0
BRDA:116,18,0,0
BRDA:116,18,1,0
BRDA:128,19,0,0
BRDA:128,19,1,0
BRDA:152,20,0,0
BRDA:152,20,1,0
BRDA:153,21,0,0
BRDA:153,21,1,0
BRDA:153,22,0,0
BRDA:153,22,1,0
BRDA:153,22,2,0
BRF:47
BRH:2
end_of_record
TN:
SF:src\actions\python-script.ts
FN:13,(anonymous_14)
FN:34,(anonymous_15)
FN:62,(anonymous_16)
FN:79,(anonymous_17)
FN:95,(anonymous_18)
FN:107,(anonymous_19)
FN:119,(anonymous_20)
FNF:7
FNH:2
FNDA:4,(anonymous_14)
FNDA:1,(anonymous_15)
FNDA:0,(anonymous_16)
FNDA:0,(anonymous_17)
FNDA:0,(anonymous_18)
FNDA:0,(anonymous_19)
FNDA:0,(anonymous_20)
DA:1,1
DA:3,1
DA:4,1
DA:6,1
DA:7,2
DA:14,4
DA:15,4
DA:16,3
DA:17,2
DA:18,2
DA:19,2
DA:20,1
DA:21,1
DA:22,1
DA:23,1
DA:24,1
DA:25,1
DA:28,2
DA:35,1
DA:36,1
DA:37,1
DA:39,1
DA:40,1
DA:41,1
DA:42,1
DA:43,1
DA:44,1
DA:45,1
DA:46,1
DA:47,1
DA:49,0
DA:51,1
DA:64,0
DA:65,0
DA:66,0
DA:68,0
DA:69,0
DA:70,0
DA:73,0
DA:74,0
DA:77,0
DA:78,0
DA:79,0
DA:80,0
DA:81,0
DA:82,0
DA:83,0
DA:86,0
DA:87,0
DA:88,0
DA:89,0
DA:91,0
DA:95,0
DA:96,0
DA:97,0
DA:98,0
DA:99,0
DA:100,0
DA:101,0
DA:103,0
DA:104,0
DA:107,0
DA:108,0
DA:120,0
DA:121,0
LF:65
LH:31
BRDA:15,0,0,3
BRDA:15,0,1,1
BRDA:16,1,0,2
BRDA:16,1,1,1
BRDA:19,2,0,1
BRDA:19,2,1,1
BRDA:19,3,0,2
BRDA:19,3,1,1
BRDA:36,4,0,1
BRDA:36,4,1,0
BRDA:37,5,0,1
BRDA:37,5,1,0
BRDA:40,6,0,1
BRDA:40,6,1,0
BRDA:40,7,0,1
BRDA:40,7,1,1
BRDA:68,8,0,0
BRDA:68,8,1,0
BRDA:73,9,0,0
BRDA:73,9,1,0
BRDA:77,10,0,0
BRDA:77,10,1,0
BRDA:77,11,0,0
BRDA:77,11,1,0
BRDA:82,12,0,0
BRDA:82,12,1,0
BRDA:86,13,0,0
BRDA:86,13,1,0
BRDA:86,14,0,0
BRDA:86,14,1,0
BRDA:86,15,0,0
BRDA:86,15,1,0
BRDA:88,16,0,0
BRDA:88,16,1,0
BRDA:88,17,0,0
BRDA:88,17,1,0
BRDA:88,18,0,0
BRDA:88,18,1,0
BRDA:100,19,0,0
BRDA:100,19,1,0
BRF:40
BRH:13
end_of_record
TN:
SF:src\actions\python-service.ts
FN:13,(anonymous_14)
FN:38,(anonymous_15)
FN:59,(anonymous_16)
FN:71,(anonymous_17)
FN:88,(anonymous_18)
FN:97,(anonymous_19)
FNF:6
FNH:4
FNDA:2,(anonymous_14)
FNDA:0,(anonymous_15)
FNDA:0,(anonymous_16)
FNDA:2,(anonymous_17)
FNDA:7,(anonymous_18)
FNDA:7,(anonymous_19)
DA:1,1
DA:2,1
DA:3,1
DA:6,1
DA:7,2
DA:14,2
DA:15,2
DA:16,2
DA:17,2
DA:18,2
DA:19,2
DA:20,0
DA:21,0
DA:22,0
DA:23,0
DA:24,0
DA:25,0
DA:28,2
DA:31,2
DA:32,1
DA:39,0
DA:40,0
DA:41,0
DA:42,0
DA:43,0
DA:44,0
DA:45,0
DA:46,0
DA:47,0
DA:48,0
DA:49,0
DA:50,0
DA:53,0
DA:56,0
DA:60,0
DA:61,0
DA:73,2
DA:74,2
DA:75,1
DA:76,1
DA:79,1
DA:80,1
DA:82,0
DA:83,0
DA:89,7
DA:90,7
DA:91,3
DA:92,3
DA:94,4
DA:98,7
DA:99,4
DA:101,3
DA:102,0
DA:103,0
DA:104,0
DA:107,3
LF:56
LH:29
BRDA:15,0,0,2
BRDA:15,0,1,0
BRDA:16,1,0,2
BRDA:16,1,1,0
BRDA:19,2,0,0
BRDA:19,2,1,2
BRDA:19,3,0,2
BRDA:19,3,1,0
BRDA:31,4,0,1
BRDA:31,4,1,1
BRDA:40,5,0,0
BRDA:40,5,1,0
BRDA:41,6,0,0
BRDA:41,6,1,0
BRDA:44,7,0,0
BRDA:44,7,1,0
BRDA:44,8,0,0
BRDA:44,8,1,0
BRDA:74,9,0,1
BRDA:74,9,1,1
BRDA:79,10,0,1
BRDA:79,10,1,0
BRDA:90,11,0,3
BRDA:90,11,1,4
BRDA:90,12,0,7
BRDA:90,12,1,5
BRDA:98,13,0,4
BRDA:98,13,1,3
BRDA:99,14,0,4
BRDA:99,14,1,0
BRDA:99,15,0,4
BRDA:99,15,1,4
BRDA:101,16,0,0
BRDA:101,16,1,3
BRDA:103,17,0,0
BRDA:103,17,1,0
BRDA:103,18,0,0
BRDA:103,18,1,0
BRF:38
BRH:19
end_of_record
TN:
SF:src\utils\process-manager.ts
FN:16,(anonymous_1)
FN:24,(anonymous_2)
FN:35,(anonymous_3)
FN:42,(anonymous_4)
FN:59,(anonymous_5)
FN:70,(anonymous_6)
FN:77,(anonymous_7)
FN:84,(anonymous_8)
FNF:8
FNH:7
FNDA:13,(anonymous_1)
FNDA:12,(anonymous_2)
FNDA:25,(anonymous_3)
FNDA:0,(anonymous_4)
FNDA:24,(anonymous_5)
FNDA:5,(anonymous_6)
FNDA:5,(anonymous_7)
FNDA:2,(anonymous_8)
DA:1,3
DA:9,3
DA:18,13
DA:20,13
DA:21,13
DA:24,13
DA:25,12
DA:26,12
DA:36,25
DA:37,25
DA:38,11
DA:39,11
DA:40,11
DA:42,11
DA:43,0
DA:44,0
DA:45,0
DA:49,0
DA:52,25
DA:60,24
DA:61,24
DA:62,24
DA:63,9
DA:71,5
DA:78,5
DA:85,2
DA:90,3
LF:27
LH:23
BRDA:37,0,0,11
BRDA:37,0,1,14
BRDA:37,1,0,25
BRDA:37,1,1,12
BRDA:43,2,0,0
BRDA:43,2,1,0
BRDA:43,3,0,0
BRDA:43,3,1,0
BRF:8
BRH:4
end_of_record
TN:
SF:src\utils\python-utils.ts
FN:35,createChildProcess
FN:60,(anonymous_11)
FN:72,getFileNameFromPath
FN:81,mapPythonError
FNF:4
FNH:2
FNDA:0,createChildProcess
FNDA:0,(anonymous_11)
FNDA:4,getFileNameFromPath
FNDA:8,mapPythonError
DA:1,1
DA:2,1
DA:3,1
DA:4,1
DA:9,1
DA:35,1
DA:41,0
DA:42,0
DA:44,0
DA:45,0
DA:46,0
DA:47,0
DA:49,0
DA:50,0
DA:53,0
DA:54,0
DA:56,0
DA:60,0
DA:61,0
DA:64,0
DA:72,1
DA:73,4
DA:81,1
DA:82,8
DA:83,75
DA:84,5
DA:87,3
LF:27
LH:13
BRDA:42,0,0,0
BRDA:42,0,1,0
BRDA:44,1,0,0
BRDA:44,1,1,0
BRDA:44,2,0,0
BRDA:44,2,1,0
BRDA:45,3,0,0
BRDA:45,3,1,0
BRDA:53,4,0,0
BRDA:53,4,1,0
BRDA:83,5,0,5
BRDA:83,5,1,70
BRF:12
BRH:2
end_of_record
